<?xml version="1.0" encoding="UTF-8"?>
<!-- Generated by org.testng.reporters.JUnitReportReporter -->
<testsuite hostname="STFMXC1617" failures="0" tests="1" name="com.projectName.chromeTests.test001" time="4.500" errors="0" timestamp="2022-04-18T10:10:58 CDT" skipped="0">
  <testcase classname="com.projectName.chromeTests.test001" name="openLoginPage" time="4.500"/>
  <system-out/>
</testsuite> <!-- com.projectName.chromeTests.test001 -->
