<?xml version="1.0" encoding="UTF-8"?>
<!-- Generated by org.testng.reporters.JUnitReportReporter -->
<testsuite hostname="STFMXC1617" failures="0" tests="1" name="com.projectName.chromeTests.AmazonHomePage" time="4.294" errors="0" timestamp="2022-04-18T15:50:11 CDT" skipped="0">
  <testcase classname="com.projectName.chromeTests.AmazonHomePage" name="openLoginPage" time="4.294"/>
  <system-out/>
</testsuite> <!-- com.projectName.chromeTests.AmazonHomePage -->
