<?xml version="1.0" encoding="UTF-8"?>
<!-- Generated by org.testng.reporters.JUnitReportReporter -->
<testsuite hostname="STFMXC1617" failures="0" tests="2" name="com.projectName.chromeTests.Amazon_CreateAccountTests" time="11.765" errors="0" timestamp="2022-04-21T09:42:28 CDT" skipped="0">
  <testcase classname="com.projectName.chromeTests.Amazon_CreateAccountTests" name="createValidAccount" time="6.211"/>
  <system-out/>
  <testcase classname="com.projectName.chromeTests.Amazon_CreateAccountTests" name="createInvalidAccount" time="5.554"/>
  <system-out/>
</testsuite> <!-- com.projectName.chromeTests.Amazon_CreateAccountTests -->
