<?xml version="1.0" encoding="UTF-8"?>
<!-- Generated by org.testng.reporters.JUnitReportReporter -->
<testsuite hostname="STFMXC1617" failures="0" tests="1" name="com.projectName.chromeTests.GoogleSearch" time="4.609" errors="0" timestamp="2022-04-21T09:48:03 CDT" skipped="0">
  <testcase classname="com.projectName.chromeTests.GoogleSearch" name="search" time="4.609"/>
  <system-out/>
</testsuite> <!-- com.projectName.chromeTests.GoogleSearch -->
